<?xml version="1.0" encoding="UTF-8"?>
<!-- Generated by org.testng.reporters.JUnitReportReporter -->
<testsuite hostname="DESKTOP-50QCBTU" failures="0" tests="3" name="Tests.RegisterTest" time="15.641" errors="0" timestamp="2025-09-25T17:11:26 IST" skipped="0">
  <testcase classname="Tests.RegisterTest" name="testUserRegistration" time="5.532"/>
  <testcase classname="Tests.RegisterTest" name="testUserRegistration" time="5.692"/>
  <testcase classname="Tests.RegisterTest" name="testUserRegistration" time="4.417"/>
</testsuite> <!-- Tests.RegisterTest -->
