<?xml version="1.0" encoding="UTF-8"?>
<!-- Generated by org.testng.reporters.JUnitReportReporter -->
<testsuite hostname="DESKTOP-50QCBTU" failures="0" tests="1" name="Tests.LoginTest" time="4.905" errors="0" timestamp="2025-09-25T13:45:54 IST" skipped="0">
  <testcase classname="Tests.LoginTest" name="testValidLogin" time="4.905"/>
</testsuite> <!-- Tests.LoginTest -->
