<?xml version="1.0" encoding="UTF-8"?>
<!-- Generated by org.testng.reporters.JUnitReportReporter -->
<testsuite hostname="DESKTOP-50QCBTU" failures="0" tests="1" name="Tests.LoginTest" time="4.272" errors="0" timestamp="2025-09-26T13:14:28 IST" skipped="0">
  <testcase classname="Tests.LoginTest" name="testValidLogin" time="4.272"/>
</testsuite> <!-- Tests.LoginTest -->
